Copyright 1986-2022 Xilinx, Inc. All Rights Reserved. Copyright 2022-2024 Advanced Micro Devices, Inc. All Rights Reserved.
---------------------------------------------------------------------------------------------------------------------------------------------
| Tool Version : Vivado v.2024.1 (lin64) Build 5076996 Wed May 22 18:36:09 MDT 2024
| Date         : Wed Nov 27 14:22:10 2024
| Host         : eecs-digital-41 running 64-bit Ubuntu 24.04.1 LTS
| Command      : report_timing -file obj/post_synth_timing.rpt
| Design       : top_level
| Device       : 7s50-csga324
| Speed File   : -1  PRODUCTION 1.23 2018-06-13
| Design State : Synthesized
---------------------------------------------------------------------------------------------------------------------------------------------

Timing Report

Slack (VIOLATED) :        -1.490ns  (required time - arrival time)
  Source:                 hcount_ray_in_reg[5]/C
                            (rising edge-triggered cell FDRE clocked by clk_pixel_clk_wiz_0  {rise@0.000ns fall@6.734ns period=13.468ns})
  Destination:            calculating_ray/rayDirX_recip/bu_reg[0]/CE
                            (rising edge-triggered cell FDRE clocked by clk_pixel_clk_wiz_0  {rise@0.000ns fall@6.734ns period=13.468ns})
  Path Group:             clk_pixel_clk_wiz_0
  Path Type:              Setup (Max at Slow Process Corner)
  Requirement:            13.468ns  (clk_pixel_clk_wiz_0 rise@13.468ns - clk_pixel_clk_wiz_0 rise@0.000ns)
  Data Path Delay:        14.442ns  (logic 8.204ns (56.805%)  route 6.238ns (43.195%))
  Logic Levels:           11  (CARRY4=5 DSP48E1=1 LUT3=1 LUT4=2 LUT5=1 LUT6=1)
  Clock Path Skew:        -0.145ns (DCD - SCD + CPR)
    Destination Clock Delay (DCD):    -2.063ns = ( 11.405 - 13.468 ) 
    Source Clock Delay      (SCD):    -1.388ns
    Clock Pessimism Removal (CPR):    0.530ns
  Clock Uncertainty:      0.168ns  ((TSJ^2 + DJ^2)^1/2) / 2 + PE
    Total System Jitter     (TSJ):    0.071ns
    Discrete Jitter          (DJ):    0.329ns
    Phase Error              (PE):    0.000ns

    Location             Delay type                Incr(ns)  Path(ns)    Netlist Resource(s)
  -------------------------------------------------------------------    -------------------
                         (clock clk_pixel_clk_wiz_0 rise edge)
                                                      0.000     0.000 r  
    N15                                               0.000     0.000 r  clk_100mhz (IN)
                         net (fo=0)                   0.000     0.000    mhdmicw/clk_100mhz
    N15                  IBUF (Prop_ibuf_I_O)         1.440     1.440 r  mhdmicw/clkin1_ibufg/O
                         net (fo=1, unplaced)         0.584     2.024    mhdmicw/clk_ref_clk_wiz_0
                         MMCME2_ADV (Prop_mmcme2_adv_CLKIN1_CLKOUT0)
                                                     -5.108    -3.083 r  mhdmicw/mmcm_adv_inst/CLKOUT0
                         net (fo=1, unplaced)         0.800    -2.284    mhdmicw/clk_pixel_clk_wiz_0
                         BUFG (Prop_bufg_I_O)         0.096    -2.188 r  mhdmicw/clkout1_buf/O
                         net (fo=1236, unplaced)      0.800    -1.388    clk_pixel
                         FDRE                                         r  hcount_ray_in_reg[5]/C
  -------------------------------------------------------------------    -------------------
                         FDRE (Prop_fdre_C_Q)         0.456    -0.932 r  hcount_ray_in_reg[5]/Q
                         net (fo=12, unplaced)        0.789    -0.143    calculating_ray/Q[5]
                         LUT3 (Prop_lut3_I0_O)        0.320     0.177 r  calculating_ray/cameraXMultiply0__0_carry__0_i_4/O
                         net (fo=2, unplaced)         0.643     0.820    calculating_ray/cameraXMultiply0__0_carry__0_i_4_n_1
                         LUT4 (Prop_lut4_I3_O)        0.332     1.152 r  calculating_ray/cameraXMultiply0__0_carry__0_i_8/O
                         net (fo=1, unplaced)         0.000     1.152    calculating_ray/cameraXMultiply0__0_carry__0_i_8_n_1
                         CARRY4 (Prop_carry4_S[0]_CO[3])
                                                      0.532     1.684 r  calculating_ray/cameraXMultiply0__0_carry__0/CO[3]
                         net (fo=1, unplaced)         0.000     1.684    calculating_ray/cameraXMultiply0__0_carry__0_n_1
                         CARRY4 (Prop_carry4_CI_O[0])
                                                      0.235     1.919 r  calculating_ray/cameraXMultiply0__0_carry__1/O[0]
                         net (fo=1, unplaced)         0.666     2.585    calculating_ray/cameraXMultiply0__0[22]
                         CARRY4 (Prop_carry4_S[0]_CO[3])
                                                      0.827     3.412 r  calculating_ray/cameraX_carry/CO[3]
                         net (fo=1, unplaced)         0.009     3.421    calculating_ray/cameraX_carry_n_1
                         CARRY4 (Prop_carry4_CI_O[1])
                                                      0.348     3.769 r  calculating_ray/cameraX_carry__0/O[1]
                         net (fo=2, unplaced)         0.800     4.569    calculating_ray/B[12]
                         DSP48E1 (Prop_dsp48e1_B[12]_P[18])
                                                      3.835     8.404 r  calculating_ray/b1/P[18]
                         net (fo=1, unplaced)         0.800     9.203    calculating_ray/p_0_in0_in[10]
                         CARRY4 (Prop_carry4_S[1]_O[3])
                                                      0.764     9.967 r  calculating_ray/b0_carry/O[3]
                         net (fo=3, unplaced)         0.636    10.603    calculating_ray/rayDirX_recip/s_axis_tdata[13]
                         LUT4 (Prop_lut4_I2_O)        0.307    10.910 f  calculating_ray/rayDirX_recip/FSM_sequential_state[0]_i_4/O
                         net (fo=1, unplaced)         0.902    11.812    calculating_ray/rayDirX_recip/FSM_sequential_state[0]_i_4_n_1
                         LUT6 (Prop_lut6_I1_O)        0.124    11.936 f  calculating_ray/rayDirX_recip/FSM_sequential_state[0]_i_2/O
                         net (fo=3, unplaced)         0.467    12.403    calculating_ray/rayDirX_recip/FSM_sequential_state[0]_i_2_n_1
                         LUT5 (Prop_lut5_I4_O)        0.124    12.527 r  calculating_ray/rayDirX_recip/bu[14]_i_1/O
                         net (fo=16, unplaced)        0.527    13.054    calculating_ray/rayDirX_recip/sig_diff_0
                         FDRE                                         r  calculating_ray/rayDirX_recip/bu_reg[0]/CE
  -------------------------------------------------------------------    -------------------

                         (clock clk_pixel_clk_wiz_0 rise edge)
                                                     13.468    13.468 r  
    N15                                               0.000    13.468 r  clk_100mhz (IN)
                         net (fo=0)                   0.000    13.468    mhdmicw/clk_100mhz
    N15                  IBUF (Prop_ibuf_I_O)         1.370    14.838 r  mhdmicw/clkin1_ibufg/O
                         net (fo=1, unplaced)         0.439    15.277    mhdmicw/clk_ref_clk_wiz_0
                         MMCME2_ADV (Prop_mmcme2_adv_CLKIN1_CLKOUT0)
                                                     -5.378     9.899 r  mhdmicw/mmcm_adv_inst/CLKOUT0
                         net (fo=1, unplaced)         0.760    10.659    mhdmicw/clk_pixel_clk_wiz_0
                         BUFG (Prop_bufg_I_O)         0.091    10.750 r  mhdmicw/clkout1_buf/O
                         net (fo=1236, unplaced)      0.655    11.405    calculating_ray/rayDirX_recip/clk_pixel
                         FDRE                                         r  calculating_ray/rayDirX_recip/bu_reg[0]/C
                         clock pessimism              0.530    11.935    
                         clock uncertainty           -0.168    11.767    
                         FDRE (Setup_fdre_C_CE)      -0.202    11.565    calculating_ray/rayDirX_recip/bu_reg[0]
  -------------------------------------------------------------------
                         required time                         11.565    
                         arrival time                         -13.054    
  -------------------------------------------------------------------
                         slack                                 -1.490    




