Copyright 1986-2022 Xilinx, Inc. All Rights Reserved. Copyright 2022-2024 Advanced Micro Devices, Inc. All Rights Reserved.
---------------------------------------------------------------------------------------------------------------------------------------------
| Tool Version : Vivado v.2024.1 (lin64) Build 5076996 Wed May 22 18:36:09 MDT 2024
| Date         : Sun Nov 24 20:33:16 2024
| Host         : eecs-digital-25 running 64-bit Ubuntu 24.04.1 LTS
| Command      : report_timing_summary -file obj/post_place_timing_summary.rpt
| Design       : top_level
| Device       : 7s50-csga324
| Speed File   : -1  PRODUCTION 1.23 2018-06-13
| Design State : Fully Placed
---------------------------------------------------------------------------------------------------------------------------------------------

Timing Summary Report

------------------------------------------------------------------------------------------------
| Timer Settings
| --------------
------------------------------------------------------------------------------------------------

  Enable Multi Corner Analysis               :  Yes
  Enable Pessimism Removal                   :  Yes
  Pessimism Removal Resolution               :  Nearest Common Node
  Enable Input Delay Default Clock           :  No
  Enable Preset / Clear Arcs                 :  No
  Disable Flight Delays                      :  No
  Ignore I/O Paths                           :  No
  Timing Early Launch at Borrowing Latches   :  No
  Borrow Time for Max Delay Exceptions       :  Yes
  Merge Timing Exceptions                    :  Yes
  Inter-SLR Compensation                     :  Conservative

  Corner  Analyze    Analyze    
  Name    Max Paths  Min Paths  
  ------  ---------  ---------  
  Slow    Yes        Yes        
  Fast    Yes        Yes        


------------------------------------------------------------------------------------------------
| Report Methodology
| ------------------
------------------------------------------------------------------------------------------------

No report available as report_methodology has not been run prior. Run report_methodology on the current design for the summary of methodology violations.



check_timing report

Table of Contents
-----------------
1. checking no_clock (295)
2. checking constant_clock (0)
3. checking pulse_width_clock (0)
4. checking unconstrained_internal_endpoints (44)
5. checking no_input_delay (5)
6. checking no_output_delay (3)
7. checking multiple_clock (0)
8. checking generated_clocks (0)
9. checking loops (0)
10. checking partial_input_delay (0)
11. checking partial_output_delay (0)
12. checking latch_loops (0)

1. checking no_clock (295)
--------------------------
 There are 22 register/latch pins with no clock driven by root clock pin: sw[0] (HIGH)

 There are 3 register/latch pins with no clock driven by root clock pin: flattening_module/fifo_data_store_reg[17]/Q (HIGH)

 There are 3 register/latch pins with no clock driven by root clock pin: flattening_module/fifo_data_store_reg[18]/Q (HIGH)

 There are 3 register/latch pins with no clock driven by root clock pin: flattening_module/fifo_data_store_reg[19]/Q (HIGH)

 There are 3 register/latch pins with no clock driven by root clock pin: flattening_module/fifo_data_store_reg[22]/Q (HIGH)

 There are 3 register/latch pins with no clock driven by root clock pin: flattening_module/fifo_data_store_reg[23]/Q (HIGH)

 There are 3 register/latch pins with no clock driven by root clock pin: flattening_module/fifo_data_store_reg[24]/Q (HIGH)

 There are 3 register/latch pins with no clock driven by root clock pin: flattening_module/fifo_data_store_reg[25]/Q (HIGH)

 There are 3 register/latch pins with no clock driven by root clock pin: flattening_module/fifo_data_store_reg[26]/Q (HIGH)

 There are 3 register/latch pins with no clock driven by root clock pin: flattening_module/fifo_data_store_reg[27]/Q (HIGH)

 There are 3 register/latch pins with no clock driven by root clock pin: flattening_module/fifo_data_store_reg[28]/Q (HIGH)

 There is 1 register/latch pin with no clock driven by root clock pin: flattening_module/ray_last_pixel_out_reg/Q (HIGH)

 There are 19 register/latch pins with no clock driven by root clock pin: flattening_module/state_reg[0]/Q (HIGH)

 There are 3 register/latch pins with no clock driven by root clock pin: flattening_module/vcount_ray_reg[0]/Q (HIGH)

 There are 3 register/latch pins with no clock driven by root clock pin: flattening_module/vcount_ray_reg[1]/Q (HIGH)

 There are 3 register/latch pins with no clock driven by root clock pin: flattening_module/vcount_ray_reg[2]/Q (HIGH)

 There are 3 register/latch pins with no clock driven by root clock pin: flattening_module/vcount_ray_reg[3]/Q (HIGH)

 There are 3 register/latch pins with no clock driven by root clock pin: flattening_module/vcount_ray_reg[4]/Q (HIGH)

 There are 3 register/latch pins with no clock driven by root clock pin: flattening_module/vcount_ray_reg[5]/Q (HIGH)

 There are 3 register/latch pins with no clock driven by root clock pin: flattening_module/vcount_ray_reg[6]/Q (HIGH)

 There are 3 register/latch pins with no clock driven by root clock pin: flattening_module/vcount_ray_reg[7]/Q (HIGH)

 There are 22 register/latch pins with no clock driven by root clock pin: mvg/hcount_out_reg[10]/Q (HIGH)

 There are 22 register/latch pins with no clock driven by root clock pin: mvg/hcount_out_reg[8]/Q (HIGH)

 There are 22 register/latch pins with no clock driven by root clock pin: mvg/hcount_out_reg[9]/Q (HIGH)

 There are 22 register/latch pins with no clock driven by root clock pin: mvg/vcount_out_reg[4]/Q (HIGH)

 There are 22 register/latch pins with no clock driven by root clock pin: mvg/vcount_out_reg[5]/Q (HIGH)

 There are 22 register/latch pins with no clock driven by root clock pin: mvg/vcount_out_reg[6]/Q (HIGH)

 There are 22 register/latch pins with no clock driven by root clock pin: mvg/vcount_out_reg[7]/Q (HIGH)

 There are 22 register/latch pins with no clock driven by root clock pin: mvg/vcount_out_reg[8]/Q (HIGH)

 There are 22 register/latch pins with no clock driven by root clock pin: mvg/vcount_out_reg[9]/Q (HIGH)

 There is 1 register/latch pin with no clock driven by root clock pin: mvg/very_last_pixel_out_reg/Q (HIGH)


2. checking constant_clock (0)
------------------------------
 There are 0 register/latch pins with constant_clock.


3. checking pulse_width_clock (0)
---------------------------------
 There are 0 register/latch pins which need pulse_width check


4. checking unconstrained_internal_endpoints (44)
-------------------------------------------------
 There are 44 pins that are not constrained for maximum delay. (HIGH)

 There are 0 pins that are not constrained for maximum delay due to constant clock.


5. checking no_input_delay (5)
------------------------------
 There are 5 input ports with no input delay specified. (HIGH)

 There are 0 input ports with no input delay but user has a false path constraint.


6. checking no_output_delay (3)
-------------------------------
 There are 3 ports with no output delay specified. (HIGH)

 There are 0 ports with no output delay but user has a false path constraint

 There are 0 ports with no output delay but with a timing clock defined on it or propagating through it


7. checking multiple_clock (0)
------------------------------
 There are 0 register/latch pins with multiple clocks.


8. checking generated_clocks (0)
--------------------------------
 There are 0 generated clocks that are not connected to a clock source.


9. checking loops (0)
---------------------
 There are 0 combinational loops in the design.


10. checking partial_input_delay (0)
------------------------------------
 There are 0 input ports with partial input delay specified.


11. checking partial_output_delay (0)
-------------------------------------
 There are 0 ports with partial output delay specified.


12. checking latch_loops (0)
----------------------------
 There are 0 combinational latch loops in the design through latch input



------------------------------------------------------------------------------------------------
| Design Timing Summary
| ---------------------
------------------------------------------------------------------------------------------------

    WNS(ns)      TNS(ns)  TNS Failing Endpoints  TNS Total Endpoints      WHS(ns)      THS(ns)  THS Failing Endpoints  THS Total Endpoints     WPWS(ns)     TPWS(ns)  TPWS Failing Endpoints  TPWS Total Endpoints  
    -------      -------  ---------------------  -------------------      -------      -------  ---------------------  -------------------     --------     --------  ----------------------  --------------------  
      1.214        0.000                      0                 3812        0.066        0.000                      0                 3812        0.538        0.000                       0                  1243  


All user specified timing constraints are met.


------------------------------------------------------------------------------------------------
| Clock Summary
| -------------
------------------------------------------------------------------------------------------------

Clock                  Waveform(ns)         Period(ns)      Frequency(MHz)
-----                  ------------         ----------      --------------
gclk                   {0.000 4.000}        10.000          100.000         
  clk_pixel_clk_wiz_0  {0.000 6.734}        13.468          74.250          
  clk_tmds_clk_wiz_0   {0.000 1.347}        2.694           371.250         
  clkfbout_clk_wiz_0   {0.000 25.000}       50.000          20.000          


------------------------------------------------------------------------------------------------
| Intra Clock Table
| -----------------
------------------------------------------------------------------------------------------------

Clock                      WNS(ns)      TNS(ns)  TNS Failing Endpoints  TNS Total Endpoints      WHS(ns)      THS(ns)  THS Failing Endpoints  THS Total Endpoints     WPWS(ns)     TPWS(ns)  TPWS Failing Endpoints  TPWS Total Endpoints  
-----                      -------      -------  ---------------------  -------------------      -------      -------  ---------------------  -------------------     --------     --------  ----------------------  --------------------  
gclk                                                                                                                                                                     2.000        0.000                       0                     1  
  clk_pixel_clk_wiz_0        1.214        0.000                      0                 3812        0.066        0.000                      0                 3812        6.234        0.000                       0                  1231  
  clk_tmds_clk_wiz_0                                                                                                                                                     0.538        0.000                       0                     8  
  clkfbout_clk_wiz_0                                                                                                                                                    47.845        0.000                       0                     3  


------------------------------------------------------------------------------------------------
| Inter Clock Table
| -----------------
------------------------------------------------------------------------------------------------

From Clock    To Clock          WNS(ns)      TNS(ns)  TNS Failing Endpoints  TNS Total Endpoints      WHS(ns)      THS(ns)  THS Failing Endpoints  THS Total Endpoints  
----------    --------          -------      -------  ---------------------  -------------------      -------      -------  ---------------------  -------------------  


------------------------------------------------------------------------------------------------
| Other Path Groups Table
| -----------------------
------------------------------------------------------------------------------------------------

Path Group    From Clock    To Clock          WNS(ns)      TNS(ns)  TNS Failing Endpoints  TNS Total Endpoints      WHS(ns)      THS(ns)  THS Failing Endpoints  THS Total Endpoints  
----------    ----------    --------          -------      -------  ---------------------  -------------------      -------      -------  ---------------------  -------------------  


------------------------------------------------------------------------------------------------
| Timing Details
| --------------
------------------------------------------------------------------------------------------------


---------------------------------------------------------------------------------------------------
From Clock:  gclk
  To Clock:  gclk

Setup :           NA  Failing Endpoints,  Worst Slack           NA  ,  Total Violation           NA
Hold  :           NA  Failing Endpoints,  Worst Slack           NA  ,  Total Violation           NA
PW    :            0  Failing Endpoints,  Worst Slack        2.000ns,  Total Violation        0.000ns
---------------------------------------------------------------------------------------------------


Pulse Width Checks
--------------------------------------------------------------------------------------
Clock Name:         gclk
Waveform(ns):       { 0.000 4.000 }
Period(ns):         10.000
Sources:            { clk_100mhz }

Check Type        Corner  Lib Pin            Reference Pin  Required(ns)  Actual(ns)  Slack(ns)  Location         Pin
Min Period        n/a     MMCME2_ADV/CLKIN1  n/a            1.249         10.000      8.751      MMCME2_ADV_X0Y0  mhdmicw/mmcm_adv_inst/CLKIN1
Max Period        n/a     MMCME2_ADV/CLKIN1  n/a            100.000       10.000      90.000     MMCME2_ADV_X0Y0  mhdmicw/mmcm_adv_inst/CLKIN1
Low Pulse Width   Slow    MMCME2_ADV/CLKIN1  n/a            2.000         6.000       4.000      MMCME2_ADV_X0Y0  mhdmicw/mmcm_adv_inst/CLKIN1
High Pulse Width  Slow    MMCME2_ADV/CLKIN1  n/a            2.000         4.000       2.000      MMCME2_ADV_X0Y0  mhdmicw/mmcm_adv_inst/CLKIN1



---------------------------------------------------------------------------------------------------
From Clock:  clk_pixel_clk_wiz_0
  To Clock:  clk_pixel_clk_wiz_0

Setup :            0  Failing Endpoints,  Worst Slack        1.214ns,  Total Violation        0.000ns
Hold  :            0  Failing Endpoints,  Worst Slack        0.066ns,  Total Violation        0.000ns
PW    :            0  Failing Endpoints,  Worst Slack        6.234ns,  Total Violation        0.000ns
---------------------------------------------------------------------------------------------------


Max Delay Paths
--------------------------------------------------------------------------------------
Slack (MET) :             1.214ns  (required time - arrival time)
  Source:                 hcount_in_ray_reg[0]/C
                            (rising edge-triggered cell FDRE clocked by clk_pixel_clk_wiz_0  {rise@0.000ns fall@6.734ns period=13.468ns})
  Destination:            dda_fifo_in/xpm_fifo_axis_inst/xpm_fifo_base_inst/gen_sdpram.xpm_memory_base_inst/gen_wr_a.gen_word_narrow.mem_reg_1/DIBDI[21]
                            (rising edge-triggered cell RAMB36E1 clocked by clk_pixel_clk_wiz_0  {rise@0.000ns fall@6.734ns period=13.468ns})
  Path Group:             clk_pixel_clk_wiz_0
  Path Type:              Setup (Max at Slow Process Corner)
  Requirement:            13.468ns  (clk_pixel_clk_wiz_0 rise@13.468ns - clk_pixel_clk_wiz_0 rise@0.000ns)
  Data Path Delay:        11.685ns  (logic 7.692ns (65.828%)  route 3.993ns (34.172%))
  Logic Levels:           12  (CARRY4=9 DSP48E1=1 LUT2=1 LUT3=1)
  Clock Path Skew:        0.022ns (DCD - SCD + CPR)
    Destination Clock Delay (DCD):    -1.580ns = ( 11.888 - 13.468 ) 
    Source Clock Delay      (SCD):    -1.037ns
    Clock Pessimism Removal (CPR):    0.566ns
  Clock Uncertainty:      0.168ns  ((TSJ^2 + DJ^2)^1/2) / 2 + PE
    Total System Jitter     (TSJ):    0.071ns
    Discrete Jitter          (DJ):    0.329ns
    Phase Error              (PE):    0.000ns

    Location             Delay type                Incr(ns)  Path(ns)    Netlist Resource(s)
  -------------------------------------------------------------------    -------------------
                         (clock clk_pixel_clk_wiz_0 rise edge)
                                                      0.000     0.000 r  
    N15                                               0.000     0.000 r  clk_100mhz (IN)
                         net (fo=0)                   0.000     0.000    mhdmicw/clk_100mhz
    N15                  IBUF (Prop_ibuf_I_O)         1.440     1.440 r  mhdmicw/clkin1_ibufg/O
                         net (fo=1, estimated)        1.233     2.673    mhdmicw/clk_ref_clk_wiz_0
    MMCME2_ADV_X0Y0      MMCME2_ADV (Prop_mmcme2_adv_CLKIN1_CLKOUT0)
                                                     -7.025    -4.352 r  mhdmicw/mmcm_adv_inst/CLKOUT0
                         net (fo=1, estimated)        1.666    -2.686    mhdmicw/clk_pixel_clk_wiz_0
    BUFGCTRL_X0Y0        BUFG (Prop_bufg_I_O)         0.096    -2.590 r  mhdmicw/clkout1_buf/O
                         net (fo=1238, estimated)     1.553    -1.037    clk_pixel
    SLICE_X57Y25         FDRE                                         r  hcount_in_ray_reg[0]/C
  -------------------------------------------------------------------    -------------------
    SLICE_X57Y25         FDRE (Prop_fdre_C_Q)         0.456    -0.581 r  hcount_in_ray_reg[0]/Q
                         net (fo=14, estimated)       0.986     0.405    calculating_ray/Q[0]
    SLICE_X57Y26         LUT3 (Prop_lut3_I1_O)        0.154     0.559 r  calculating_ray/stepX2_i_20/O
                         net (fo=1, estimated)        0.525     1.084    calculating_ray/stepX2_i_20_n_0
    SLICE_X56Y25         CARRY4 (Prop_carry4_DI[3]_CO[3])
                                                      0.599     1.683 r  calculating_ray/stepX2_i_4/CO[3]
                         net (fo=1, estimated)        0.000     1.683    calculating_ray/stepX2_i_4_n_0
    SLICE_X56Y26         CARRY4 (Prop_carry4_CI_CO[3])
                                                      0.117     1.800 r  calculating_ray/stepX2_i_3/CO[3]
                         net (fo=1, estimated)        0.000     1.800    calculating_ray/stepX2_i_3_n_0
    SLICE_X56Y27         CARRY4 (Prop_carry4_CI_CO[3])
                                                      0.117     1.917 r  calculating_ray/stepX2_i_8/CO[3]
                         net (fo=1, estimated)        0.000     1.917    calculating_ray/stepX2_i_8_n_0
    SLICE_X56Y28         CARRY4 (Prop_carry4_CI_CO[0])
                                                      0.254     2.171 r  calculating_ray/stepX2_i_7/CO[0]
                         net (fo=4, estimated)        0.627     2.798    calculating_ray/stepX2_i_7_n_3
    SLICE_X55Y28         CARRY4 (Prop_carry4_S[1]_O[2])
                                                      0.947     3.745 r  calculating_ray/stepX2_i_1/O[2]
                         net (fo=5, estimated)        0.613     4.358    calculating_ray/B[15]
    DSP48_X1Y10          DSP48E1 (Prop_dsp48e1_B[16]_P[9])
                                                      3.834     8.192 r  calculating_ray/stepX2/P[9]
                         net (fo=1, estimated)        0.651     8.843    controller_in/P[1]
    SLICE_X54Y27         LUT2 (Prop_lut2_I1_O)        0.124     8.967 r  controller_in/xpm_fifo_axis_inst_i_21/O
                         net (fo=1, routed)           0.000     8.967    controller_in/xpm_fifo_axis_inst_i_21_n_0
    SLICE_X54Y27         CARRY4 (Prop_carry4_S[1]_CO[3])
                                                      0.533     9.500 r  controller_in/xpm_fifo_axis_inst_i_5/CO[3]
                         net (fo=1, estimated)        0.000     9.500    controller_in/xpm_fifo_axis_inst_i_5_n_0
    SLICE_X54Y28         CARRY4 (Prop_carry4_CI_CO[3])
                                                      0.117     9.617 r  controller_in/xpm_fifo_axis_inst_i_4/CO[3]
                         net (fo=1, estimated)        0.000     9.617    controller_in/xpm_fifo_axis_inst_i_4_n_0
    SLICE_X54Y29         CARRY4 (Prop_carry4_CI_CO[3])
                                                      0.117     9.734 r  controller_in/xpm_fifo_axis_inst_i_3/CO[3]
                         net (fo=1, estimated)        0.000     9.734    controller_in/xpm_fifo_axis_inst_i_3_n_0
    SLICE_X54Y30         CARRY4 (Prop_carry4_CI_O[1])
                                                      0.323    10.057 r  controller_in/xpm_fifo_axis_inst_i_2/O[1]
                         net (fo=1, estimated)        0.591    10.648    dda_fifo_in/xpm_fifo_axis_inst/xpm_fifo_base_inst/gen_sdpram.xpm_memory_base_inst/dina[125]
    RAMB36_X2Y5          RAMB36E1                                     r  dda_fifo_in/xpm_fifo_axis_inst/xpm_fifo_base_inst/gen_sdpram.xpm_memory_base_inst/gen_wr_a.gen_word_narrow.mem_reg_1/DIBDI[21]
  -------------------------------------------------------------------    -------------------

                         (clock clk_pixel_clk_wiz_0 rise edge)
                                                     13.468    13.468 r  
    N15                                               0.000    13.468 r  clk_100mhz (IN)
                         net (fo=0)                   0.000    13.468    mhdmicw/clk_100mhz
    N15                  IBUF (Prop_ibuf_I_O)         1.370    14.838 r  mhdmicw/clkin1_ibufg/O
                         net (fo=1, estimated)        1.171    16.010    mhdmicw/clk_ref_clk_wiz_0
    MMCME2_ADV_X0Y0      MMCME2_ADV (Prop_mmcme2_adv_CLKIN1_CLKOUT0)
                                                     -7.279     8.731 r  mhdmicw/mmcm_adv_inst/CLKOUT0
                         net (fo=1, estimated)        1.583    10.314    mhdmicw/clk_pixel_clk_wiz_0
    BUFGCTRL_X0Y0        BUFG (Prop_bufg_I_O)         0.091    10.405 r  mhdmicw/clkout1_buf/O
                         net (fo=1238, estimated)     1.483    11.888    dda_fifo_in/xpm_fifo_axis_inst/xpm_fifo_base_inst/gen_sdpram.xpm_memory_base_inst/clkb
    RAMB36_X2Y5          RAMB36E1                                     r  dda_fifo_in/xpm_fifo_axis_inst/xpm_fifo_base_inst/gen_sdpram.xpm_memory_base_inst/gen_wr_a.gen_word_narrow.mem_reg_1/CLKBWRCLK
                         clock pessimism              0.566    12.454    
                         clock uncertainty           -0.168    12.286    
    RAMB36_X2Y5          RAMB36E1 (Setup_ramb36e1_CLKBWRCLK_DIBDI[21])
                                                     -0.423    11.863    dda_fifo_in/xpm_fifo_axis_inst/xpm_fifo_base_inst/gen_sdpram.xpm_memory_base_inst/gen_wr_a.gen_word_narrow.mem_reg_1
  -------------------------------------------------------------------
                         required time                         11.863    
                         arrival time                         -10.648    
  -------------------------------------------------------------------
                         slack                                  1.214    





Min Delay Paths
--------------------------------------------------------------------------------------
Slack (MET) :             0.066ns  (arrival time - required time)
  Source:                 controller_in/newPosY_reg[21]/C
                            (rising edge-triggered cell FDRE clocked by clk_pixel_clk_wiz_0  {rise@0.000ns fall@6.734ns period=13.468ns})
  Destination:            dda_fifo_in/xpm_fifo_axis_inst/xpm_fifo_base_inst/gen_sdpram.xpm_memory_base_inst/gen_wr_a.gen_word_narrow.mem_reg_0/DIBDI[13]
                            (rising edge-triggered cell RAMB36E1 clocked by clk_pixel_clk_wiz_0  {rise@0.000ns fall@6.734ns period=13.468ns})
  Path Group:             clk_pixel_clk_wiz_0
  Path Type:              Hold (Min at Fast Process Corner)
  Requirement:            0.000ns  (clk_pixel_clk_wiz_0 rise@0.000ns - clk_pixel_clk_wiz_0 rise@0.000ns)
  Data Path Delay:        0.275ns  (logic 0.141ns (51.343%)  route 0.134ns (48.657%))
  Logic Levels:           0  
  Clock Path Skew:        0.053ns (DCD - SCD - CPR)
    Destination Clock Delay (DCD):    -0.817ns
    Source Clock Delay      (SCD):    -0.602ns
    Clock Pessimism Removal (CPR):    -0.269ns

    Location             Delay type                Incr(ns)  Path(ns)    Netlist Resource(s)
  -------------------------------------------------------------------    -------------------
                         (clock clk_pixel_clk_wiz_0 rise edge)
                                                      0.000     0.000 r  
    N15                                               0.000     0.000 r  clk_100mhz (IN)
                         net (fo=0)                   0.000     0.000    mhdmicw/clk_100mhz
    N15                  IBUF (Prop_ibuf_I_O)         0.209     0.209 r  mhdmicw/clkin1_ibufg/O
                         net (fo=1, estimated)        0.520     0.728    mhdmicw/clk_ref_clk_wiz_0
    MMCME2_ADV_X0Y0      MMCME2_ADV (Prop_mmcme2_adv_CLKIN1_CLKOUT0)
                                                     -2.621    -1.893 r  mhdmicw/mmcm_adv_inst/CLKOUT0
                         net (fo=1, estimated)        0.702    -1.191    mhdmicw/clk_pixel_clk_wiz_0
    BUFGCTRL_X0Y0        BUFG (Prop_bufg_I_O)         0.026    -1.165 r  mhdmicw/clkout1_buf/O
                         net (fo=1238, estimated)     0.563    -0.602    controller_in/clk_pixel
    SLICE_X48Y34         FDRE                                         r  controller_in/newPosY_reg[21]/C
  -------------------------------------------------------------------    -------------------
    SLICE_X48Y34         FDRE (Prop_fdre_C_Q)         0.141    -0.461 r  controller_in/newPosY_reg[21]/Q
                         net (fo=3, estimated)        0.134    -0.327    dda_fifo_in/xpm_fifo_axis_inst/xpm_fifo_base_inst/gen_sdpram.xpm_memory_base_inst/dina[45]
    RAMB36_X1Y6          RAMB36E1                                     r  dda_fifo_in/xpm_fifo_axis_inst/xpm_fifo_base_inst/gen_sdpram.xpm_memory_base_inst/gen_wr_a.gen_word_narrow.mem_reg_0/DIBDI[13]
  -------------------------------------------------------------------    -------------------

                         (clock clk_pixel_clk_wiz_0 rise edge)
                                                      0.000     0.000 r  
    N15                                               0.000     0.000 r  clk_100mhz (IN)
                         net (fo=0)                   0.000     0.000    mhdmicw/clk_100mhz
    N15                  IBUF (Prop_ibuf_I_O)         0.396     0.396 r  mhdmicw/clkin1_ibufg/O
                         net (fo=1, estimated)        0.547     0.943    mhdmicw/clk_ref_clk_wiz_0
    MMCME2_ADV_X0Y0      MMCME2_ADV (Prop_mmcme2_adv_CLKIN1_CLKOUT0)
                                                     -3.399    -2.456 r  mhdmicw/mmcm_adv_inst/CLKOUT0
                         net (fo=1, estimated)        0.739    -1.717    mhdmicw/clk_pixel_clk_wiz_0
    BUFGCTRL_X0Y0        BUFG (Prop_bufg_I_O)         0.029    -1.688 r  mhdmicw/clkout1_buf/O
                         net (fo=1238, estimated)     0.870    -0.817    dda_fifo_in/xpm_fifo_axis_inst/xpm_fifo_base_inst/gen_sdpram.xpm_memory_base_inst/clkb
    RAMB36_X1Y6          RAMB36E1                                     r  dda_fifo_in/xpm_fifo_axis_inst/xpm_fifo_base_inst/gen_sdpram.xpm_memory_base_inst/gen_wr_a.gen_word_narrow.mem_reg_0/CLKBWRCLK
                         clock pessimism              0.269    -0.548    
    RAMB36_X1Y6          RAMB36E1 (Hold_ramb36e1_CLKBWRCLK_DIBDI[13])
                                                      0.155    -0.393    dda_fifo_in/xpm_fifo_axis_inst/xpm_fifo_base_inst/gen_sdpram.xpm_memory_base_inst/gen_wr_a.gen_word_narrow.mem_reg_0
  -------------------------------------------------------------------
                         required time                          0.393    
                         arrival time                          -0.327    
  -------------------------------------------------------------------
                         slack                                  0.066    





Pulse Width Checks
--------------------------------------------------------------------------------------
Clock Name:         clk_pixel_clk_wiz_0
Waveform(ns):       { 0.000 6.734 }
Period(ns):         13.468
Sources:            { mhdmicw/mmcm_adv_inst/CLKOUT0 }

Check Type        Corner  Lib Pin             Reference Pin  Required(ns)  Actual(ns)  Slack(ns)  Location         Pin
Min Period        n/a     RAMB36E1/CLKARDCLK  n/a            2.944         13.468      10.524     RAMB36_X1Y6      dda_fifo_in/xpm_fifo_axis_inst/xpm_fifo_base_inst/gen_sdpram.xpm_memory_base_inst/gen_wr_a.gen_word_narrow.mem_reg_0/CLKARDCLK
Max Period        n/a     MMCME2_ADV/CLKOUT0  n/a            213.360       13.468      199.892    MMCME2_ADV_X0Y0  mhdmicw/mmcm_adv_inst/CLKOUT0
Low Pulse Width   Slow    FDRE/C              n/a            0.500         6.734       6.234      SLICE_X57Y25     hcount_in_ray_reg[0]/C
High Pulse Width  Slow    FDRE/C              n/a            0.500         6.734       6.234      SLICE_X57Y25     hcount_in_ray_reg[0]/C



---------------------------------------------------------------------------------------------------
From Clock:  clk_tmds_clk_wiz_0
  To Clock:  clk_tmds_clk_wiz_0

Setup :           NA  Failing Endpoints,  Worst Slack           NA  ,  Total Violation           NA
Hold  :           NA  Failing Endpoints,  Worst Slack           NA  ,  Total Violation           NA
PW    :            0  Failing Endpoints,  Worst Slack        0.538ns,  Total Violation        0.000ns
---------------------------------------------------------------------------------------------------


Pulse Width Checks
--------------------------------------------------------------------------------------
Clock Name:         clk_tmds_clk_wiz_0
Waveform(ns):       { 0.000 1.347 }
Period(ns):         2.694
Sources:            { mhdmicw/mmcm_adv_inst/CLKOUT1 }

Check Type  Corner  Lib Pin             Reference Pin  Required(ns)  Actual(ns)  Slack(ns)  Location         Pin
Min Period  n/a     BUFG/I              n/a            2.155         2.694       0.538      BUFGCTRL_X0Y1    mhdmicw/clkout2_buf/I
Max Period  n/a     MMCME2_ADV/CLKOUT1  n/a            213.360       2.694       210.666    MMCME2_ADV_X0Y0  mhdmicw/mmcm_adv_inst/CLKOUT1



---------------------------------------------------------------------------------------------------
From Clock:  clkfbout_clk_wiz_0
  To Clock:  clkfbout_clk_wiz_0

Setup :           NA  Failing Endpoints,  Worst Slack           NA  ,  Total Violation           NA
Hold  :           NA  Failing Endpoints,  Worst Slack           NA  ,  Total Violation           NA
PW    :            0  Failing Endpoints,  Worst Slack       47.845ns,  Total Violation        0.000ns
---------------------------------------------------------------------------------------------------


Pulse Width Checks
--------------------------------------------------------------------------------------
Clock Name:         clkfbout_clk_wiz_0
Waveform(ns):       { 0.000 25.000 }
Period(ns):         50.000
Sources:            { mhdmicw/mmcm_adv_inst/CLKFBOUT }

Check Type  Corner  Lib Pin             Reference Pin  Required(ns)  Actual(ns)  Slack(ns)  Location         Pin
Min Period  n/a     BUFG/I              n/a            2.155         50.000      47.845     BUFGCTRL_X0Y3    mhdmicw/clkf_buf/I
Max Period  n/a     MMCME2_ADV/CLKFBIN  n/a            100.000       50.000      50.000     MMCME2_ADV_X0Y0  mhdmicw/mmcm_adv_inst/CLKFBIN



