#! /opt/homebrew/Cellar/icarus-verilog/12.0/bin/vvp
:ivl_version "12.0 (stable)";
:ivl_delay_selection "TYPICAL";
:vpi_time_precision - 12;
:vpi_module "/opt/homebrew/Cellar/icarus-verilog/12.0/lib/ivl/system.vpi";
:vpi_module "/opt/homebrew/Cellar/icarus-verilog/12.0/lib/ivl/vhdl_sys.vpi";
:vpi_module "/opt/homebrew/Cellar/icarus-verilog/12.0/lib/ivl/vhdl_textio.vpi";
:vpi_module "/opt/homebrew/Cellar/icarus-verilog/12.0/lib/ivl/v2005_math.vpi";
:vpi_module "/opt/homebrew/Cellar/icarus-verilog/12.0/lib/ivl/va_math.vpi";
:vpi_module "/opt/homebrew/Cellar/icarus-verilog/12.0/lib/ivl/v2009.vpi";
S_0x124705b50 .scope package, "$unit" "$unit" 2 1;
 .timescale 0 0;
S_0x124705cc0 .scope module, "transformation_tex" "transformation_tex" 3 38;
 .timescale -9 -12;
    .port_info 0 /INPUT 1 "pixel_clk_in";
    .port_info 1 /INPUT 1 "rst_in";
    .port_info 2 /INPUT 1 "dda_fifo_tvalid_in";
    .port_info 3 /INPUT 38 "dda_fifo_tdata_in";
    .port_info 4 /INPUT 1 "dda_fifo_tlast_in";
    .port_info 5 /INPUT 2 "fb_ready_to_switch_in";
    .port_info 6 /OUTPUT 1 "transformer_tready_out";
    .port_info 7 /OUTPUT 16 "ray_address_out";
    .port_info 8 /OUTPUT 16 "ray_pixel_out";
    .port_info 9 /OUTPUT 1 "ray_last_pixel_out";
P_0x124706b50 .param/l "BACKGROUND_COLOR" 1 3 70, C4<1111111111111111>;
P_0x124706b90 .param/l "BLACK_WALL" 1 3 71, C4<0000000000000000>;
P_0x124706bd0 .param/l "FULL_SCREEN_HEIGHT" 0 3 41, C4<1011010000>;
P_0x124706c10 .param/l "FULL_SCREEN_WIDTH" 0 3 40, C4<10100000000>;
P_0x124706c50 .param/l "GREEN_WALL" 1 3 72, C4<0111011001110000>;
P_0x124706c90 .param/l "HALF_SCREEN_HEIGHT" 1 3 73, C4<01011010>;
P_0x124706cd0 .param/l "PIXEL_WIDTH" 0 3 39, C4<10000>;
P_0x124706d10 .param/l "SCREEN_HEIGHT" 0 3 43, C4<10110100>;
P_0x124706d50 .param/l "SCREEN_WIDTH" 0 3 42, C4<101000000>;
enum0x12580fed0 .enum2/s (32)
   "FIFO_DATA_WAIT" 0,
   "FIFO_DATA_WAIT_NEW_PACKET" 1,
   "FLATTENING" 2
 ;
L_0x128078058 .functor BUFT 1, C4<0001011010>, C4<0>, C4<0>, C4<0>;
v0x124706fd0_0 .net/2u *"_ivl_16", 9 0, L_0x128078058;  1 drivers
v0x124717080_0 .net *"_ivl_18", 9 0, L_0x124718f40;  1 drivers
L_0x1280780a0 .functor BUFT 1, C4<00>, C4<0>, C4<0>, C4<0>;
v0x124717120_0 .net *"_ivl_21", 1 0, L_0x1280780a0;  1 drivers
L_0x1280780e8 .functor BUFT 1, C4<0001011010>, C4<0>, C4<0>, C4<0>;
v0x1247171d0_0 .net/2u *"_ivl_24", 9 0, L_0x1280780e8;  1 drivers
v0x124717280_0 .net *"_ivl_26", 9 0, L_0x124719210;  1 drivers
L_0x128078130 .functor BUFT 1, C4<00>, C4<0>, C4<0>, C4<0>;
v0x124717370_0 .net *"_ivl_29", 1 0, L_0x128078130;  1 drivers
v0x124717420_0 .net *"_ivl_3", 7 0, L_0x1247189c0;  1 drivers
v0x1247174d0_0 .net *"_ivl_6", 6 0, L_0x124718a60;  1 drivers
L_0x128078010 .functor BUFT 1, C4<0>, C4<0>, C4<0>, C4<0>;
v0x124717580_0 .net *"_ivl_8", 0 0, L_0x128078010;  1 drivers
o0x1280401c0 .functor BUFZ 38, C4<zzzzzzzzzzzzzzzzzzzzzzzzzzzzzzzzzzzzzz>; HiZ drive
v0x124717690_0 .net "dda_fifo_tdata_in", 37 0, o0x1280401c0;  0 drivers
o0x1280401f0 .functor BUFZ 1, C4<z>; HiZ drive
v0x124717740_0 .net "dda_fifo_tlast_in", 0 0, o0x1280401f0;  0 drivers
o0x128040220 .functor BUFZ 1, C4<z>; HiZ drive
v0x1247177e0_0 .net "dda_fifo_tvalid_in", 0 0, o0x128040220;  0 drivers
v0x124717880_0 .net "draw_end", 9 0, L_0x124719330;  1 drivers
v0x124717930_0 .net "draw_start", 9 0, L_0x124719080;  1 drivers
o0x1280402b0 .functor BUFZ 2, C4<zz>; HiZ drive
v0x1247179e0_0 .net "fb_ready_to_switch_in", 1 0, o0x1280402b0;  0 drivers
v0x124717a90_0 .var "fifo_data_store", 38 0;
v0x124717b40_0 .var "fifo_tlast_store", 0 0;
v0x124717cd0_0 .net "half_line_height", 7 0, L_0x124718b40;  1 drivers
v0x124717d60_0 .net "hcount_ray_in", 8 0, L_0x124718920;  1 drivers
v0x124717e00_0 .net "mapData_in", 3 0, L_0x124718d40;  1 drivers
o0x1280403d0 .functor BUFZ 1, C4<z>; HiZ drive
v0x124717eb0_0 .net "pixel_clk_in", 0 0, o0x1280403d0;  0 drivers
v0x124717f50_0 .var "ray_address_out", 15 0;
v0x124718000_0 .var "ray_last_pixel_out", 0 0;
v0x1247180a0_0 .var "ray_pixel_out", 15 0;
o0x128040490 .functor BUFZ 1, C4<z>; HiZ drive
v0x124718150_0 .net "rst_in", 0 0, o0x128040490;  0 drivers
v0x1247181f0_0 .var/2s "state", 31 0;
v0x1247182a0_0 .var "tex_pixel", 15 0;
v0x124718350_0 .var "tex_req", 0 0;
v0x1247183f0_0 .var "transformer_tready_out", 0 0;
v0x124718490_0 .var "valid_tex_out", 0 0;
v0x124718530_0 .var "vcount_ray", 9 0;
v0x1247185e0_0 .net "wallType_in", 0 0, L_0x124718ca0;  1 drivers
v0x124718680_0 .net "wallX_in", 15 0, L_0x124718e60;  1 drivers
E_0x124706f90 .event posedge, v0x124717eb0_0;
L_0x124718920 .part v0x124717a90_0, 29, 9;
L_0x1247189c0 .part v0x124717a90_0, 21, 8;
L_0x124718a60 .part L_0x1247189c0, 1, 7;
L_0x124718b40 .concat [ 7 1 0 0], L_0x124718a60, L_0x128078010;
L_0x124718ca0 .part v0x124717a90_0, 20, 1;
L_0x124718d40 .part v0x124717a90_0, 16, 4;
L_0x124718e60 .part v0x124717a90_0, 0, 16;
L_0x124718f40 .concat [ 8 2 0 0], L_0x124718b40, L_0x1280780a0;
L_0x124719080 .arith/sub 10, L_0x128078058, L_0x124718f40;
L_0x124719210 .concat [ 8 2 0 0], L_0x124718b40, L_0x128078130;
L_0x124719330 .arith/sum 10, L_0x1280780e8, L_0x124719210;
    .scope S_0x124705cc0;
T_0 ;
    %wait E_0x124706f90;
    %load/vec4 v0x124718150_0;
    %flag_set/vec4 8;
    %jmp/0xz  T_0.0, 8;
    %pushi/vec4 0, 0, 10;
    %assign/vec4 v0x124718530_0, 0;
    %pushi/vec4 0, 0, 32;
    %assign/vec4 v0x1247181f0_0, 0;
    %pushi/vec4 1, 0, 1;
    %assign/vec4 v0x1247183f0_0, 0;
    %pushi/vec4 0, 0, 1;
    %assign/vec4 v0x124718350_0, 0;
    %jmp T_0.1;
T_0.0 ;
    %load/vec4 v0x1247181f0_0;
    %dup/vec4;
    %pushi/vec4 0, 0, 32;
    %cmp/u;
    %jmp/1 T_0.2, 6;
    %dup/vec4;
    %pushi/vec4 1, 0, 32;
    %cmp/u;
    %jmp/1 T_0.3, 6;
    %dup/vec4;
    %pushi/vec4 2, 0, 32;
    %cmp/u;
    %jmp/1 T_0.4, 6;
    %jmp T_0.5;
T_0.2 ;
    %load/vec4 v0x1247177e0_0;
    %flag_set/vec4 8;
    %jmp/0xz  T_0.6, 8;
    %pushi/vec4 0, 0, 1;
    %assign/vec4 v0x1247183f0_0, 0;
    %pushi/vec4 2, 0, 32;
    %assign/vec4 v0x1247181f0_0, 0;
    %load/vec4 v0x124717690_0;
    %pad/u 39;
    %assign/vec4 v0x124717a90_0, 0;
    %load/vec4 v0x124717740_0;
    %assign/vec4 v0x124717b40_0, 0;
    %jmp T_0.7;
T_0.6 ;
    %pushi/vec4 0, 0, 32;
    %assign/vec4 v0x1247181f0_0, 0;
T_0.7 ;
    %jmp T_0.5;
T_0.3 ;
    %pushi/vec4 0, 0, 1;
    %assign/vec4 v0x124718000_0, 0;
    %load/vec4 v0x1247179e0_0;
    %pad/u 32;
    %cmpi/e 3, 0, 32;
    %flag_mov 8, 4;
    %jmp/0 T_0.8, 8;
    %pushi/vec4 1, 0, 2;
    %jmp/1 T_0.9, 8;
T_0.8 ; End of true expr.
    %load/vec4 v0x1247183f0_0;
    %pad/u 2;
    %jmp/0 T_0.9, 8;
 ; End of false expr.
    %blend;
T_0.9;
    %pad/u 1;
    %assign/vec4 v0x1247183f0_0, 0;
    %load/vec4 v0x1247177e0_0;
    %flag_set/vec4 9;
    %flag_get/vec4 9;
    %jmp/0 T_0.12, 9;
    %load/vec4 v0x1247183f0_0;
    %and;
T_0.12;
    %flag_set/vec4 8;
    %jmp/0xz  T_0.10, 8;
    %pushi/vec4 0, 0, 1;
    %assign/vec4 v0x1247183f0_0, 0;
    %pushi/vec4 2, 0, 32;
    %assign/vec4 v0x1247181f0_0, 0;
    %load/vec4 v0x124717690_0;
    %pad/u 39;
    %assign/vec4 v0x124717a90_0, 0;
    %load/vec4 v0x124717740_0;
    %assign/vec4 v0x124717b40_0, 0;
    %jmp T_0.11;
T_0.10 ;
    %pushi/vec4 1, 0, 32;
    %assign/vec4 v0x1247181f0_0, 0;
T_0.11 ;
    %jmp T_0.5;
T_0.4 ;
    %load/vec4 v0x124717e00_0;
    %dup/vec4;
    %pushi/vec4 0, 0, 4;
    %cmp/u;
    %jmp/1 T_0.13, 6;
    %dup/vec4;
    %pushi/vec4 1, 0, 4;
    %cmp/u;
    %jmp/1 T_0.14, 6;
    %dup/vec4;
    %pushi/vec4 2, 0, 4;
    %cmp/u;
    %jmp/1 T_0.15, 6;
    %dup/vec4;
    %pushi/vec4 3, 0, 4;
    %cmp/u;
    %jmp/1 T_0.16, 6;
    %dup/vec4;
    %pushi/vec4 4, 0, 4;
    %cmp/u;
    %jmp/1 T_0.17, 6;
    %dup/vec4;
    %pushi/vec4 5, 0, 4;
    %cmp/u;
    %jmp/1 T_0.18, 6;
    %jmp T_0.19;
T_0.13 ;
    %load/vec4 v0x124717930_0;
    %load/vec4 v0x124718530_0;
    %cmp/u;
    %flag_or 5, 4;
    %flag_get/vec4 5;
    %jmp/0 T_0.22, 5;
    %load/vec4 v0x124718530_0;
    %load/vec4 v0x124717880_0;
    %cmp/u;
    %flag_get/vec4 5;
    %and;
T_0.22;
    %flag_set/vec4 8;
    %jmp/0xz  T_0.20, 8;
    %load/vec4 v0x124717e00_0;
    %dup/vec4;
    %pushi/vec4 0, 0, 4;
    %cmp/u;
    %jmp/1 T_0.23, 6;
    %dup/vec4;
    %pushi/vec4 1, 0, 4;
    %cmp/u;
    %jmp/1 T_0.24, 6;
    %dup/vec4;
    %pushi/vec4 2, 0, 4;
    %cmp/u;
    %jmp/1 T_0.25, 6;
    %jmp T_0.26;
T_0.23 ;
    %pushi/vec4 65535, 0, 16;
    %assign/vec4 v0x1247180a0_0, 0;
    %jmp T_0.26;
T_0.24 ;
    %pushi/vec4 0, 0, 16;
    %assign/vec4 v0x1247180a0_0, 0;
    %jmp T_0.26;
T_0.25 ;
    %pushi/vec4 30320, 0, 16;
    %assign/vec4 v0x1247180a0_0, 0;
    %jmp T_0.26;
T_0.26 ;
    %pop/vec4 1;
    %jmp T_0.21;
T_0.20 ;
    %pushi/vec4 65535, 0, 16;
    %assign/vec4 v0x1247180a0_0, 0;
T_0.21 ;
    %load/vec4 v0x124717d60_0;
    %pad/u 16;
    %load/vec4 v0x124718530_0;
    %pad/u 16;
    %muli 320, 0, 16;
    %add;
    %assign/vec4 v0x124717f50_0, 0;
    %load/vec4 v0x124718530_0;
    %pad/u 32;
    %cmpi/u 179, 0, 32;
    %jmp/0xz  T_0.27, 5;
    %load/vec4 v0x124718530_0;
    %addi 1, 0, 10;
    %assign/vec4 v0x124718530_0, 0;
    %pushi/vec4 0, 0, 1;
    %assign/vec4 v0x124718000_0, 0;
    %pushi/vec4 2, 0, 32;
    %assign/vec4 v0x1247181f0_0, 0;
    %jmp T_0.28;
T_0.27 ;
    %load/vec4 v0x124717b40_0;
    %flag_set/vec4 8;
    %jmp/0xz  T_0.29, 8;
    %pushi/vec4 1, 0, 1;
    %assign/vec4 v0x124718000_0, 0;
    %pushi/vec4 0, 0, 10;
    %assign/vec4 v0x124718530_0, 0;
    %pushi/vec4 0, 0, 1;
    %assign/vec4 v0x1247183f0_0, 0;
    %pushi/vec4 1, 0, 32;
    %assign/vec4 v0x1247181f0_0, 0;
    %jmp T_0.30;
T_0.29 ;
    %pushi/vec4 0, 0, 1;
    %assign/vec4 v0x124718000_0, 0;
    %pushi/vec4 1, 0, 1;
    %assign/vec4 v0x1247183f0_0, 0;
    %pushi/vec4 0, 0, 10;
    %assign/vec4 v0x124718530_0, 0;
    %pushi/vec4 0, 0, 32;
    %assign/vec4 v0x1247181f0_0, 0;
T_0.30 ;
T_0.28 ;
    %jmp T_0.19;
T_0.14 ;
    %load/vec4 v0x124717930_0;
    %load/vec4 v0x124718530_0;
    %cmp/u;
    %flag_or 5, 4;
    %flag_get/vec4 5;
    %jmp/0 T_0.33, 5;
    %load/vec4 v0x124718530_0;
    %load/vec4 v0x124717880_0;
    %cmp/u;
    %flag_get/vec4 5;
    %and;
T_0.33;
    %flag_set/vec4 8;
    %jmp/0xz  T_0.31, 8;
    %load/vec4 v0x124717e00_0;
    %dup/vec4;
    %pushi/vec4 0, 0, 4;
    %cmp/u;
    %jmp/1 T_0.34, 6;
    %dup/vec4;
    %pushi/vec4 1, 0, 4;
    %cmp/u;
    %jmp/1 T_0.35, 6;
    %dup/vec4;
    %pushi/vec4 2, 0, 4;
    %cmp/u;
    %jmp/1 T_0.36, 6;
    %jmp T_0.37;
T_0.34 ;
    %pushi/vec4 65535, 0, 16;
    %assign/vec4 v0x1247180a0_0, 0;
    %jmp T_0.37;
T_0.35 ;
    %pushi/vec4 0, 0, 16;
    %assign/vec4 v0x1247180a0_0, 0;
    %jmp T_0.37;
T_0.36 ;
    %pushi/vec4 30320, 0, 16;
    %assign/vec4 v0x1247180a0_0, 0;
    %jmp T_0.37;
T_0.37 ;
    %pop/vec4 1;
    %jmp T_0.32;
T_0.31 ;
    %pushi/vec4 65535, 0, 16;
    %assign/vec4 v0x1247180a0_0, 0;
T_0.32 ;
    %load/vec4 v0x124717d60_0;
    %pad/u 16;
    %load/vec4 v0x124718530_0;
    %pad/u 16;
    %muli 320, 0, 16;
    %add;
    %assign/vec4 v0x124717f50_0, 0;
    %load/vec4 v0x124718530_0;
    %pad/u 32;
    %cmpi/u 179, 0, 32;
    %jmp/0xz  T_0.38, 5;
    %load/vec4 v0x124718530_0;
    %addi 1, 0, 10;
    %assign/vec4 v0x124718530_0, 0;
    %pushi/vec4 0, 0, 1;
    %assign/vec4 v0x124718000_0, 0;
    %pushi/vec4 2, 0, 32;
    %assign/vec4 v0x1247181f0_0, 0;
    %jmp T_0.39;
T_0.38 ;
    %load/vec4 v0x124717b40_0;
    %flag_set/vec4 8;
    %jmp/0xz  T_0.40, 8;
    %pushi/vec4 1, 0, 1;
    %assign/vec4 v0x124718000_0, 0;
    %pushi/vec4 0, 0, 10;
    %assign/vec4 v0x124718530_0, 0;
    %pushi/vec4 0, 0, 1;
    %assign/vec4 v0x1247183f0_0, 0;
    %pushi/vec4 1, 0, 32;
    %assign/vec4 v0x1247181f0_0, 0;
    %jmp T_0.41;
T_0.40 ;
    %pushi/vec4 0, 0, 1;
    %assign/vec4 v0x124718000_0, 0;
    %pushi/vec4 1, 0, 1;
    %assign/vec4 v0x1247183f0_0, 0;
    %pushi/vec4 0, 0, 10;
    %assign/vec4 v0x124718530_0, 0;
    %pushi/vec4 0, 0, 32;
    %assign/vec4 v0x1247181f0_0, 0;
T_0.41 ;
T_0.39 ;
    %jmp T_0.19;
T_0.15 ;
    %load/vec4 v0x124717930_0;
    %load/vec4 v0x124718530_0;
    %cmp/u;
    %flag_or 5, 4;
    %flag_get/vec4 5;
    %jmp/0 T_0.44, 5;
    %load/vec4 v0x124718530_0;
    %load/vec4 v0x124717880_0;
    %cmp/u;
    %flag_get/vec4 5;
    %and;
T_0.44;
    %flag_set/vec4 8;
    %jmp/0xz  T_0.42, 8;
    %load/vec4 v0x124717e00_0;
    %dup/vec4;
    %pushi/vec4 0, 0, 4;
    %cmp/u;
    %jmp/1 T_0.45, 6;
    %dup/vec4;
    %pushi/vec4 1, 0, 4;
    %cmp/u;
    %jmp/1 T_0.46, 6;
    %dup/vec4;
    %pushi/vec4 2, 0, 4;
    %cmp/u;
    %jmp/1 T_0.47, 6;
    %jmp T_0.48;
T_0.45 ;
    %pushi/vec4 65535, 0, 16;
    %assign/vec4 v0x1247180a0_0, 0;
    %jmp T_0.48;
T_0.46 ;
    %pushi/vec4 0, 0, 16;
    %assign/vec4 v0x1247180a0_0, 0;
    %jmp T_0.48;
T_0.47 ;
    %pushi/vec4 30320, 0, 16;
    %assign/vec4 v0x1247180a0_0, 0;
    %jmp T_0.48;
T_0.48 ;
    %pop/vec4 1;
    %jmp T_0.43;
T_0.42 ;
    %pushi/vec4 65535, 0, 16;
    %assign/vec4 v0x1247180a0_0, 0;
T_0.43 ;
    %load/vec4 v0x124717d60_0;
    %pad/u 16;
    %load/vec4 v0x124718530_0;
    %pad/u 16;
    %muli 320, 0, 16;
    %add;
    %assign/vec4 v0x124717f50_0, 0;
    %load/vec4 v0x124718530_0;
    %pad/u 32;
    %cmpi/u 179, 0, 32;
    %jmp/0xz  T_0.49, 5;
    %load/vec4 v0x124718530_0;
    %addi 1, 0, 10;
    %assign/vec4 v0x124718530_0, 0;
    %pushi/vec4 0, 0, 1;
    %assign/vec4 v0x124718000_0, 0;
    %pushi/vec4 2, 0, 32;
    %assign/vec4 v0x1247181f0_0, 0;
    %jmp T_0.50;
T_0.49 ;
    %load/vec4 v0x124717b40_0;
    %flag_set/vec4 8;
    %jmp/0xz  T_0.51, 8;
    %pushi/vec4 1, 0, 1;
    %assign/vec4 v0x124718000_0, 0;
    %pushi/vec4 0, 0, 10;
    %assign/vec4 v0x124718530_0, 0;
    %pushi/vec4 0, 0, 1;
    %assign/vec4 v0x1247183f0_0, 0;
    %pushi/vec4 1, 0, 32;
    %assign/vec4 v0x1247181f0_0, 0;
    %jmp T_0.52;
T_0.51 ;
    %pushi/vec4 0, 0, 1;
    %assign/vec4 v0x124718000_0, 0;
    %pushi/vec4 1, 0, 1;
    %assign/vec4 v0x1247183f0_0, 0;
    %pushi/vec4 0, 0, 10;
    %assign/vec4 v0x124718530_0, 0;
    %pushi/vec4 0, 0, 32;
    %assign/vec4 v0x1247181f0_0, 0;
T_0.52 ;
T_0.50 ;
    %jmp T_0.19;
T_0.16 ;
    %load/vec4 v0x124717930_0;
    %load/vec4 v0x124718530_0;
    %cmp/u;
    %flag_or 5, 4;
    %flag_get/vec4 5;
    %jmp/0 T_0.55, 5;
    %load/vec4 v0x124718530_0;
    %load/vec4 v0x124717880_0;
    %cmp/u;
    %flag_get/vec4 5;
    %and;
T_0.55;
    %flag_set/vec4 8;
    %jmp/0xz  T_0.53, 8;
    %load/vec4 v0x124718490_0;
    %flag_set/vec4 8;
    %jmp/0xz  T_0.56, 8;
    %pushi/vec4 0, 0, 1;
    %assign/vec4 v0x124718350_0, 0;
    %load/vec4 v0x1247182a0_0;
    %assign/vec4 v0x1247180a0_0, 0;
    %load/vec4 v0x124717d60_0;
    %pad/u 16;
    %load/vec4 v0x124718530_0;
    %pad/u 16;
    %muli 320, 0, 16;
    %add;
    %assign/vec4 v0x124717f50_0, 0;
    %load/vec4 v0x124718530_0;
    %pad/u 32;
    %cmpi/u 179, 0, 32;
    %jmp/0xz  T_0.58, 5;
    %load/vec4 v0x124718530_0;
    %addi 1, 0, 10;
    %assign/vec4 v0x124718530_0, 0;
    %pushi/vec4 0, 0, 1;
    %assign/vec4 v0x124718000_0, 0;
    %pushi/vec4 2, 0, 32;
    %assign/vec4 v0x1247181f0_0, 0;
    %jmp T_0.59;
T_0.58 ;
    %load/vec4 v0x124717b40_0;
    %flag_set/vec4 8;
    %jmp/0xz  T_0.60, 8;
    %pushi/vec4 1, 0, 1;
    %assign/vec4 v0x124718000_0, 0;
    %pushi/vec4 0, 0, 10;
    %assign/vec4 v0x124718530_0, 0;
    %pushi/vec4 0, 0, 1;
    %assign/vec4 v0x1247183f0_0, 0;
    %pushi/vec4 1, 0, 32;
    %assign/vec4 v0x1247181f0_0, 0;
    %jmp T_0.61;
T_0.60 ;
    %pushi/vec4 0, 0, 1;
    %assign/vec4 v0x124718000_0, 0;
    %pushi/vec4 1, 0, 1;
    %assign/vec4 v0x1247183f0_0, 0;
    %pushi/vec4 0, 0, 10;
    %assign/vec4 v0x124718530_0, 0;
    %pushi/vec4 0, 0, 32;
    %assign/vec4 v0x1247181f0_0, 0;
T_0.61 ;
T_0.59 ;
    %jmp T_0.57;
T_0.56 ;
    %pushi/vec4 1, 0, 1;
    %assign/vec4 v0x124718350_0, 0;
T_0.57 ;
    %jmp T_0.54;
T_0.53 ;
    %pushi/vec4 65535, 0, 16;
    %assign/vec4 v0x1247180a0_0, 0;
    %load/vec4 v0x124717d60_0;
    %pad/u 16;
    %load/vec4 v0x124718530_0;
    %pad/u 16;
    %muli 320, 0, 16;
    %add;
    %assign/vec4 v0x124717f50_0, 0;
    %load/vec4 v0x124718530_0;
    %pad/u 32;
    %cmpi/u 179, 0, 32;
    %jmp/0xz  T_0.62, 5;
    %load/vec4 v0x124718530_0;
    %addi 1, 0, 10;
    %assign/vec4 v0x124718530_0, 0;
    %pushi/vec4 0, 0, 1;
    %assign/vec4 v0x124718000_0, 0;
    %pushi/vec4 2, 0, 32;
    %assign/vec4 v0x1247181f0_0, 0;
    %jmp T_0.63;
T_0.62 ;
    %load/vec4 v0x124717b40_0;
    %flag_set/vec4 8;
    %jmp/0xz  T_0.64, 8;
    %pushi/vec4 1, 0, 1;
    %assign/vec4 v0x124718000_0, 0;
    %pushi/vec4 0, 0, 10;
    %assign/vec4 v0x124718530_0, 0;
    %pushi/vec4 0, 0, 1;
    %assign/vec4 v0x1247183f0_0, 0;
    %pushi/vec4 1, 0, 32;
    %assign/vec4 v0x1247181f0_0, 0;
    %jmp T_0.65;
T_0.64 ;
    %pushi/vec4 0, 0, 1;
    %assign/vec4 v0x124718000_0, 0;
    %pushi/vec4 1, 0, 1;
    %assign/vec4 v0x1247183f0_0, 0;
    %pushi/vec4 0, 0, 10;
    %assign/vec4 v0x124718530_0, 0;
    %pushi/vec4 0, 0, 32;
    %assign/vec4 v0x1247181f0_0, 0;
T_0.65 ;
T_0.63 ;
T_0.54 ;
    %jmp T_0.19;
T_0.17 ;
    %load/vec4 v0x124717930_0;
    %load/vec4 v0x124718530_0;
    %cmp/u;
    %flag_or 5, 4;
    %flag_get/vec4 5;
    %jmp/0 T_0.68, 5;
    %load/vec4 v0x124718530_0;
    %load/vec4 v0x124717880_0;
    %cmp/u;
    %flag_get/vec4 5;
    %and;
T_0.68;
    %flag_set/vec4 8;
    %jmp/0xz  T_0.66, 8;
    %load/vec4 v0x124718490_0;
    %flag_set/vec4 8;
    %jmp/0xz  T_0.69, 8;
    %pushi/vec4 0, 0, 1;
    %assign/vec4 v0x124718350_0, 0;
    %load/vec4 v0x1247182a0_0;
    %assign/vec4 v0x1247180a0_0, 0;
    %load/vec4 v0x124717d60_0;
    %pad/u 16;
    %load/vec4 v0x124718530_0;
    %pad/u 16;
    %muli 320, 0, 16;
    %add;
    %assign/vec4 v0x124717f50_0, 0;
    %load/vec4 v0x124718530_0;
    %pad/u 32;
    %cmpi/u 179, 0, 32;
    %jmp/0xz  T_0.71, 5;
    %load/vec4 v0x124718530_0;
    %addi 1, 0, 10;
    %assign/vec4 v0x124718530_0, 0;
    %pushi/vec4 0, 0, 1;
    %assign/vec4 v0x124718000_0, 0;
    %pushi/vec4 2, 0, 32;
    %assign/vec4 v0x1247181f0_0, 0;
    %jmp T_0.72;
T_0.71 ;
    %load/vec4 v0x124717b40_0;
    %flag_set/vec4 8;
    %jmp/0xz  T_0.73, 8;
    %pushi/vec4 1, 0, 1;
    %assign/vec4 v0x124718000_0, 0;
    %pushi/vec4 0, 0, 10;
    %assign/vec4 v0x124718530_0, 0;
    %pushi/vec4 0, 0, 1;
    %assign/vec4 v0x1247183f0_0, 0;
    %pushi/vec4 1, 0, 32;
    %assign/vec4 v0x1247181f0_0, 0;
    %jmp T_0.74;
T_0.73 ;
    %pushi/vec4 0, 0, 1;
    %assign/vec4 v0x124718000_0, 0;
    %pushi/vec4 1, 0, 1;
    %assign/vec4 v0x1247183f0_0, 0;
    %pushi/vec4 0, 0, 10;
    %assign/vec4 v0x124718530_0, 0;
    %pushi/vec4 0, 0, 32;
    %assign/vec4 v0x1247181f0_0, 0;
T_0.74 ;
T_0.72 ;
    %jmp T_0.70;
T_0.69 ;
    %pushi/vec4 1, 0, 1;
    %assign/vec4 v0x124718350_0, 0;
T_0.70 ;
    %jmp T_0.67;
T_0.66 ;
    %pushi/vec4 65535, 0, 16;
    %assign/vec4 v0x1247180a0_0, 0;
    %load/vec4 v0x124717d60_0;
    %pad/u 16;
    %load/vec4 v0x124718530_0;
    %pad/u 16;
    %muli 320, 0, 16;
    %add;
    %assign/vec4 v0x124717f50_0, 0;
    %load/vec4 v0x124718530_0;
    %pad/u 32;
    %cmpi/u 179, 0, 32;
    %jmp/0xz  T_0.75, 5;
    %load/vec4 v0x124718530_0;
    %addi 1, 0, 10;
    %assign/vec4 v0x124718530_0, 0;
    %pushi/vec4 0, 0, 1;
    %assign/vec4 v0x124718000_0, 0;
    %pushi/vec4 2, 0, 32;
    %assign/vec4 v0x1247181f0_0, 0;
    %jmp T_0.76;
T_0.75 ;
    %load/vec4 v0x124717b40_0;
    %flag_set/vec4 8;
    %jmp/0xz  T_0.77, 8;
    %pushi/vec4 1, 0, 1;
    %assign/vec4 v0x124718000_0, 0;
    %pushi/vec4 0, 0, 10;
    %assign/vec4 v0x124718530_0, 0;
    %pushi/vec4 0, 0, 1;
    %assign/vec4 v0x1247183f0_0, 0;
    %pushi/vec4 1, 0, 32;
    %assign/vec4 v0x1247181f0_0, 0;
    %jmp T_0.78;
T_0.77 ;
    %pushi/vec4 0, 0, 1;
    %assign/vec4 v0x124718000_0, 0;
    %pushi/vec4 1, 0, 1;
    %assign/vec4 v0x1247183f0_0, 0;
    %pushi/vec4 0, 0, 10;
    %assign/vec4 v0x124718530_0, 0;
    %pushi/vec4 0, 0, 32;
    %assign/vec4 v0x1247181f0_0, 0;
T_0.78 ;
T_0.76 ;
T_0.67 ;
    %jmp T_0.19;
T_0.18 ;
    %load/vec4 v0x124717930_0;
    %load/vec4 v0x124718530_0;
    %cmp/u;
    %flag_or 5, 4;
    %flag_get/vec4 5;
    %jmp/0 T_0.81, 5;
    %load/vec4 v0x124718530_0;
    %load/vec4 v0x124717880_0;
    %cmp/u;
    %flag_get/vec4 5;
    %and;
T_0.81;
    %flag_set/vec4 8;
    %jmp/0xz  T_0.79, 8;
    %load/vec4 v0x124718490_0;
    %flag_set/vec4 8;
    %jmp/0xz  T_0.82, 8;
    %pushi/vec4 0, 0, 1;
    %assign/vec4 v0x124718350_0, 0;
    %load/vec4 v0x1247182a0_0;
    %assign/vec4 v0x1247180a0_0, 0;
    %load/vec4 v0x124717d60_0;
    %pad/u 16;
    %load/vec4 v0x124718530_0;
    %pad/u 16;
    %muli 320, 0, 16;
    %add;
    %assign/vec4 v0x124717f50_0, 0;
    %load/vec4 v0x124718530_0;
    %pad/u 32;
    %cmpi/u 179, 0, 32;
    %jmp/0xz  T_0.84, 5;
    %load/vec4 v0x124718530_0;
    %addi 1, 0, 10;
    %assign/vec4 v0x124718530_0, 0;
    %pushi/vec4 0, 0, 1;
    %assign/vec4 v0x124718000_0, 0;
    %pushi/vec4 2, 0, 32;
    %assign/vec4 v0x1247181f0_0, 0;
    %jmp T_0.85;
T_0.84 ;
    %load/vec4 v0x124717b40_0;
    %flag_set/vec4 8;
    %jmp/0xz  T_0.86, 8;
    %pushi/vec4 1, 0, 1;
    %assign/vec4 v0x124718000_0, 0;
    %pushi/vec4 0, 0, 10;
    %assign/vec4 v0x124718530_0, 0;
    %pushi/vec4 0, 0, 1;
    %assign/vec4 v0x1247183f0_0, 0;
    %pushi/vec4 1, 0, 32;
    %assign/vec4 v0x1247181f0_0, 0;
    %jmp T_0.87;
T_0.86 ;
    %pushi/vec4 0, 0, 1;
    %assign/vec4 v0x124718000_0, 0;
    %pushi/vec4 1, 0, 1;
    %assign/vec4 v0x1247183f0_0, 0;
    %pushi/vec4 0, 0, 10;
    %assign/vec4 v0x124718530_0, 0;
    %pushi/vec4 0, 0, 32;
    %assign/vec4 v0x1247181f0_0, 0;
T_0.87 ;
T_0.85 ;
    %jmp T_0.83;
T_0.82 ;
    %pushi/vec4 1, 0, 1;
    %assign/vec4 v0x124718350_0, 0;
T_0.83 ;
    %jmp T_0.80;
T_0.79 ;
    %pushi/vec4 65535, 0, 16;
    %assign/vec4 v0x1247180a0_0, 0;
    %load/vec4 v0x124717d60_0;
    %pad/u 16;
    %load/vec4 v0x124718530_0;
    %pad/u 16;
    %muli 320, 0, 16;
    %add;
    %assign/vec4 v0x124717f50_0, 0;
    %load/vec4 v0x124718530_0;
    %pad/u 32;
    %cmpi/u 179, 0, 32;
    %jmp/0xz  T_0.88, 5;
    %load/vec4 v0x124718530_0;
    %addi 1, 0, 10;
    %assign/vec4 v0x124718530_0, 0;
    %pushi/vec4 0, 0, 1;
    %assign/vec4 v0x124718000_0, 0;
    %pushi/vec4 2, 0, 32;
    %assign/vec4 v0x1247181f0_0, 0;
    %jmp T_0.89;
T_0.88 ;
    %load/vec4 v0x124717b40_0;
    %flag_set/vec4 8;
    %jmp/0xz  T_0.90, 8;
    %pushi/vec4 1, 0, 1;
    %assign/vec4 v0x124718000_0, 0;
    %pushi/vec4 0, 0, 10;
    %assign/vec4 v0x124718530_0, 0;
    %pushi/vec4 0, 0, 1;
    %assign/vec4 v0x1247183f0_0, 0;
    %pushi/vec4 1, 0, 32;
    %assign/vec4 v0x1247181f0_0, 0;
    %jmp T_0.91;
T_0.90 ;
    %pushi/vec4 0, 0, 1;
    %assign/vec4 v0x124718000_0, 0;
    %pushi/vec4 1, 0, 1;
    %assign/vec4 v0x1247183f0_0, 0;
    %pushi/vec4 0, 0, 10;
    %assign/vec4 v0x124718530_0, 0;
    %pushi/vec4 0, 0, 32;
    %assign/vec4 v0x1247181f0_0, 0;
T_0.91 ;
T_0.89 ;
T_0.80 ;
    %jmp T_0.19;
T_0.19 ;
    %pop/vec4 1;
    %jmp T_0.5;
T_0.5 ;
    %pop/vec4 1;
T_0.1 ;
    %jmp T_0;
    .thread T_0;
# The file index is used to find the file name in the following table.
:file_names 4;
    "N/A";
    "<interactive>";
    "-";
    "transformation_tex.sv";
